<?xml version="1.0" encoding="UTF-8"?>
<testng-results skipped="0" failed="0" total="2" passed="2">
  <reporter-output>
  </reporter-output>
  <suite name="Default suite" duration-ms="83" started-at="2019-10-05T03:58:03Z" finished-at="2019-10-05T03:58:03Z">
    <groups>
    </groups>
    <test name="Default test" duration-ms="83" started-at="2019-10-05T03:58:03Z" finished-at="2019-10-05T03:58:03Z">
      <class name="org.testng.Testing">
        <test-method status="PASS" signature="BSuite()[pri:0, instance:org.testng.Testing@11531931]" name="BSuite" is-config="true" duration-ms="32" started-at="2019-10-05T09:28:03Z" finished-at="2019-10-05T09:28:03Z">
          <reporter-output>
          </reporter-output>
        </test-method> <!-- BSuite -->
        <test-method status="PASS" signature="BTest()[pri:0, instance:org.testng.Testing@11531931]" name="BTest" is-config="true" duration-ms="0" started-at="2019-10-05T09:28:03Z" finished-at="2019-10-05T09:28:03Z">
          <reporter-output>
          </reporter-output>
        </test-method> <!-- BTest -->
        <test-method status="PASS" signature="Bclass()[pri:0, instance:org.testng.Testing@11531931]" name="Bclass" is-config="true" duration-ms="0" started-at="2019-10-05T09:28:03Z" finished-at="2019-10-05T09:28:03Z">
          <reporter-output>
          </reporter-output>
        </test-method> <!-- Bclass -->
        <test-method status="PASS" signature="Bmethod()[pri:0, instance:org.testng.Testing@11531931]" name="Bmethod" is-config="true" duration-ms="16" started-at="2019-10-05T09:28:03Z" finished-at="2019-10-05T09:28:03Z">
          <reporter-output>
          </reporter-output>
        </test-method> <!-- Bmethod -->
        <test-method status="PASS" signature="test1()[pri:0, instance:org.testng.Testing@11531931]" name="test1" duration-ms="20" started-at="2019-10-05T09:28:03Z" finished-at="2019-10-05T09:28:03Z">
          <reporter-output>
          </reporter-output>
        </test-method> <!-- test1 -->
        <test-method status="PASS" signature="test2()[pri:0, instance:org.testng.Testing@11531931]" name="test2" duration-ms="4" started-at="2019-10-05T09:28:03Z" finished-at="2019-10-05T09:28:03Z">
          <reporter-output>
          </reporter-output>
        </test-method> <!-- test2 -->
        <test-method status="PASS" signature="Bmethod()[pri:0, instance:org.testng.Testing@11531931]" name="Bmethod" is-config="true" duration-ms="0" started-at="2019-10-05T09:28:03Z" finished-at="2019-10-05T09:28:03Z">
          <reporter-output>
          </reporter-output>
        </test-method> <!-- Bmethod -->
      </class> <!-- org.testng.Testing -->
    </test> <!-- Default test -->
  </suite> <!-- Default suite -->
</testng-results>
