<?xml version="1.0" encoding="UTF-8"?>
<!-- Generated by org.testng.reporters.JUnitXMLReporter -->
<testsuite hostname="hp" name="Test" tests="8" failures="1" timestamp="4 Oct 2019 08:20:48 GMT" time="0.141" errors="0">
  <testcase name="test1" time="0.032" classname="org.testng.Testing"/>
  <testcase name="test2" time="0.0" classname="org.testng.Testing"/>
  <testcase name="test3" time="0.0" classname="org.testng.Testing">
    <skipped/>
  </testcase> <!-- test3 -->
  <testcase name="test3" time="0.0" classname="org.testng.Testing">
    <skipped/>
  </testcase> <!-- test3 -->
  <testcase name="test3" time="0.015" classname="org.testng.Testing">
    <skipped/>
  </testcase> <!-- test3 -->
  <testcase name="test3" time="0.0" classname="org.testng.Testing">
    <skipped/>
  </testcase> <!-- test3 -->
  <testcase name="test3" time="0.0" classname="org.testng.Testing">
    <skipped/>
  </testcase> <!-- test3 -->
  <testcase name="test3" time="0.0" classname="org.testng.Testing">
    <failure type="java.lang.AssertionError" message="null">
      <![CDATA[java.lang.AssertionError: null
... Removed 27 stack frames]]>
    </failure>
  </testcase> <!-- test3 -->
</testsuite> <!-- Test -->
